2025-03-24 00:07:02,593 - ERROR - Error al insertar dato: connection was closed in the middle of operation
2025-03-24 00:07:06,704 - ERROR - Error al insertar dato: connection was closed in the middle of operation
2025-03-24 00:07:10,826 - ERROR - Error al insertar dato: connection was closed in the middle of operation
2025-03-24 00:07:15,049 - ERROR - Error al insertar dato: connection was closed in the middle of operation
2025-03-24 00:07:19,182 - ERROR - Error al insertar dato: connection was closed in the middle of operation
2025-03-24 00:07:23,324 - ERROR - Error al insertar dato: connection was closed in the middle of operation
2025-03-24 00:07:27,553 - ERROR - Error al insertar dato: connection was closed in the middle of operation
2025-03-24 00:07:31,675 - ERROR - Error al insertar dato: connection was closed in the middle of operation
2025-03-24 00:07:35,897 - ERROR - Error al insertar dato: connection was closed in the middle of operation
2025-03-24 00:07:40,014 - ERROR - Error al insertar dato: connection was closed in the middle of operation
2025-03-24 00:07:44,238 - ERROR - Error al insertar dato: connection was closed in the middle of operation
2025-03-24 00:07:48,366 - ERROR - Error al insertar dato: connection was closed in the middle of operation
2025-03-24 00:07:52,531 - ERROR - Error al insertar dato: connection was closed in the middle of operation
2025-03-24 00:07:56,664 - ERROR - Error al insertar dato: connection was closed in the middle of operation
2025-03-24 00:08:00,807 - ERROR - Error al insertar dato: connection was closed in the middle of operation
2025-03-24 00:08:04,921 - ERROR - Error al insertar dato: connection was closed in the middle of operation
2025-03-24 00:08:09,064 - ERROR - Error al insertar dato: connection was closed in the middle of operation
2025-03-24 00:08:13,289 - ERROR - Error al insertar dato: connection was closed in the middle of operation
2025-03-24 00:08:17,424 - ERROR - Error al insertar dato: connection was closed in the middle of operation
2025-03-24 00:08:21,560 - ERROR - Error al insertar dato: connection was closed in the middle of operation
2025-03-24 00:08:25,684 - ERROR - Error al insertar dato: connection was closed in the middle of operation
2025-03-24 00:08:29,799 - ERROR - Error al insertar dato: connection was closed in the middle of operation
2025-03-24 00:08:33,922 - ERROR - Error al insertar dato: connection was closed in the middle of operation
2025-03-24 00:08:38,105 - ERROR - Error al insertar dato: connection was closed in the middle of operation
2025-03-24 00:08:42,243 - ERROR - Error al insertar dato: connection was closed in the middle of operation
2025-03-24 00:08:46,398 - ERROR - Error al insertar dato: connection was closed in the middle of operation
2025-03-24 00:08:50,543 - ERROR - Error al insertar dato: connection was closed in the middle of operation
2025-03-24 00:08:54,677 - ERROR - Error al insertar dato: connection was closed in the middle of operation
2025-03-24 00:08:58,789 - ERROR - Error al insertar dato: connection was closed in the middle of operation
2025-03-24 00:09:02,897 - ERROR - Error al insertar dato: connection was closed in the middle of operation
2025-03-24 00:09:11,092 - ERROR - Error al insertar dato: connection was closed in the middle of operation
2025-03-24 00:09:15,241 - ERROR - Error al insertar dato: connection was closed in the middle of operation
2025-03-24 00:09:19,356 - ERROR - Error al insertar dato: connection was closed in the middle of operation
2025-03-24 00:09:23,488 - ERROR - Error al insertar dato: connection was closed in the middle of operation
2025-03-24 00:09:27,590 - ERROR - Error al insertar dato: connection was closed in the middle of operation
2025-03-24 00:09:31,816 - ERROR - Error al insertar dato: connection was closed in the middle of operation
2025-03-24 00:09:35,950 - ERROR - Error al insertar dato: connection was closed in the middle of operation
2025-03-24 00:09:40,168 - ERROR - Error al insertar dato: connection was closed in the middle of operation
2025-03-24 00:09:44,292 - ERROR - Error al insertar dato: connection was closed in the middle of operation
2025-03-24 00:09:48,409 - ERROR - Error al insertar dato: connection was closed in the middle of operation
2025-03-24 00:09:52,518 - ERROR - Error al insertar dato: connection was closed in the middle of operation
2025-03-24 00:09:56,658 - ERROR - Error al insertar dato: connection was closed in the middle of operation
2025-03-24 00:10:00,929 - ERROR - Error al insertar dato: connection was closed in the middle of operation
2025-03-24 00:10:05,073 - ERROR - Error al insertar dato: connection was closed in the middle of operation
2025-03-24 00:10:09,159 - ERROR - Error al insertar dato: connection was closed in the middle of operation
2025-03-24 00:10:13,298 - ERROR - Error al insertar dato: connection was closed in the middle of operation
2025-03-24 00:10:17,415 - ERROR - Error al insertar dato: connection was closed in the middle of operation
2025-03-24 00:10:21,517 - ERROR - Error al insertar dato: connection was closed in the middle of operation
2025-03-24 00:10:25,629 - ERROR - Error al insertar dato: connection was closed in the middle of operation
2025-03-24 00:10:29,751 - ERROR - Error al insertar dato: connection was closed in the middle of operation
2025-03-24 00:10:33,871 - ERROR - Error al insertar dato: connection was closed in the middle of operation
2025-03-24 00:10:38,026 - ERROR - Error al insertar dato: connection was closed in the middle of operation
2025-03-24 00:10:42,162 - ERROR - Error al insertar dato: connection was closed in the middle of operation
2025-03-24 00:10:46,309 - ERROR - Error al insertar dato: connection was closed in the middle of operation
2025-03-24 00:10:50,423 - ERROR - Error al insertar dato: connection was closed in the middle of operation
2025-03-24 00:10:54,651 - ERROR - Error al insertar dato: connection was closed in the middle of operation
2025-03-24 00:10:58,907 - ERROR - Error al insertar dato: connection was closed in the middle of operation
2025-03-24 00:11:03,050 - ERROR - Error al insertar dato: connection was closed in the middle of operation
2025-03-24 00:11:07,180 - ERROR - Error al insertar dato: connection was closed in the middle of operation
2025-03-24 00:11:11,396 - ERROR - Error al insertar dato: connection was closed in the middle of operation
2025-03-24 00:11:15,521 - ERROR - Error al insertar dato: connection was closed in the middle of operation
2025-03-24 00:11:19,640 - ERROR - Error al insertar dato: connection was closed in the middle of operation
2025-03-24 00:11:23,758 - ERROR - Error al insertar dato: connection was closed in the middle of operation
2025-03-24 00:11:27,879 - ERROR - Error al insertar dato: connection was closed in the middle of operation
2025-03-24 00:11:31,997 - ERROR - Error al insertar dato: connection was closed in the middle of operation
2025-03-24 00:11:36,121 - ERROR - Error al insertar dato: connection was closed in the middle of operation
2025-03-24 00:11:40,362 - ERROR - Error al insertar dato: connection was closed in the middle of operation
2025-03-24 00:11:44,621 - ERROR - Error al insertar dato: connection was closed in the middle of operation
2025-03-24 00:11:48,871 - ERROR - Error al insertar dato: connection was closed in the middle of operation
2025-03-24 00:11:52,984 - ERROR - Error al insertar dato: connection was closed in the middle of operation
2025-03-24 00:11:57,115 - ERROR - Error al insertar dato: connection was closed in the middle of operation
2025-03-24 00:12:01,365 - ERROR - Error al insertar dato: connection was closed in the middle of operation
2025-03-24 00:12:05,458 - ERROR - Error al insertar dato: connection was closed in the middle of operation
2025-03-24 00:12:09,678 - ERROR - Error al insertar dato: connection was closed in the middle of operation
2025-03-24 00:12:17,859 - ERROR - Error al insertar dato: connection was closed in the middle of operation
2025-03-24 00:12:21,970 - ERROR - Error al insertar dato: connection was closed in the middle of operation
2025-03-24 00:12:26,195 - ERROR - Error al insertar dato: connection was closed in the middle of operation
2025-03-24 00:14:50,858 - ERROR - Error al insertar dato: connection was closed in the middle of operation
2025-03-24 00:18:22,105 - ERROR - Error al insertar dato: connection was closed in the middle of operation
2025-03-24 00:18:26,223 - ERROR - Error al insertar dato: connection was closed in the middle of operation
2025-03-24 00:18:30,338 - ERROR - Error al insertar dato: connection was closed in the middle of operation
2025-03-24 00:18:34,486 - ERROR - Error al insertar dato: connection was closed in the middle of operation
2025-03-24 00:18:38,595 - ERROR - Error al insertar dato: connection was closed in the middle of operation
2025-03-24 00:18:42,717 - ERROR - Error al insertar dato: connection was closed in the middle of operation
2025-03-24 00:18:46,856 - ERROR - Error al insertar dato: connection was closed in the middle of operation
2025-03-24 00:18:50,983 - ERROR - Error al insertar dato: connection was closed in the middle of operation
2025-03-24 00:18:55,083 - ERROR - Error al insertar dato: connection was closed in the middle of operation
2025-03-24 00:18:59,207 - ERROR - Error al insertar dato: connection was closed in the middle of operation
2025-03-24 00:19:03,325 - ERROR - Error al insertar dato: connection was closed in the middle of operation
2025-03-24 00:23:13,914 - ERROR - Error al insertar dato: connection was closed in the middle of operation
2025-03-24 00:23:18,055 - ERROR - Error al insertar dato: connection was closed in the middle of operation
2025-03-24 00:23:22,160 - ERROR - Error al insertar dato: connection was closed in the middle of operation
2025-03-24 00:23:26,261 - ERROR - Error al insertar dato: connection was closed in the middle of operation
2025-03-24 00:23:30,461 - ERROR - Error al insertar dato: connection was closed in the middle of operation
2025-03-24 00:23:34,608 - ERROR - Error al insertar dato: connection was closed in the middle of operation
2025-03-24 00:23:38,725 - ERROR - Error al insertar dato: connection was closed in the middle of operation
2025-03-24 00:23:42,882 - ERROR - Error al insertar dato: connection was closed in the middle of operation
2025-03-24 00:23:47,042 - ERROR - Error al insertar dato: connection was closed in the middle of operation
2025-03-24 00:23:51,204 - ERROR - Error al insertar dato: connection was closed in the middle of operation
2025-03-24 00:23:55,345 - ERROR - Error al insertar dato: connection was closed in the middle of operation
2025-03-24 00:23:59,514 - ERROR - Error al insertar dato: connection was closed in the middle of operation
2025-03-24 00:24:03,677 - ERROR - Error al insertar dato: connection was closed in the middle of operation
2025-03-24 00:24:07,813 - ERROR - Error al insertar dato: connection was closed in the middle of operation
2025-03-24 00:24:12,073 - ERROR - Error al insertar dato: connection was closed in the middle of operation
2025-03-24 00:24:16,211 - ERROR - Error al insertar dato: connection was closed in the middle of operation
2025-03-24 00:24:20,356 - ERROR - Error al insertar dato: connection was closed in the middle of operation
2025-03-24 00:24:24,515 - ERROR - Error al insertar dato: connection was closed in the middle of operation
2025-03-24 00:24:28,783 - ERROR - Error al insertar dato: connection was closed in the middle of operation
2025-03-24 00:24:33,032 - ERROR - Error al insertar dato: connection was closed in the middle of operation
2025-03-24 00:24:37,147 - ERROR - Error al insertar dato: connection was closed in the middle of operation
2025-03-24 00:24:41,409 - ERROR - Error al insertar dato: connection was closed in the middle of operation
2025-03-24 00:24:45,694 - ERROR - Error al insertar dato: connection was closed in the middle of operation
2025-03-24 00:24:49,816 - ERROR - Error al insertar dato: connection was closed in the middle of operation
2025-03-24 00:24:53,957 - ERROR - Error al insertar dato: connection was closed in the middle of operation
2025-03-24 00:24:58,072 - ERROR - Error al insertar dato: connection was closed in the middle of operation
2025-03-24 00:25:02,233 - ERROR - Error al insertar dato: connection was closed in the middle of operation
2025-03-24 00:25:12,424 - ERROR - Error al insertar dato: connection was closed in the middle of operation
2025-03-24 00:25:21,207 - ERROR - Error al insertar dato: connection was closed in the middle of operation
2025-03-24 00:25:25,321 - ERROR - Error al insertar dato: connection was closed in the middle of operation
2025-03-24 00:25:29,450 - ERROR - Error al insertar dato: connection was closed in the middle of operation
2025-03-24 00:25:33,575 - ERROR - Error al insertar dato: connection was closed in the middle of operation
2025-03-24 00:25:37,818 - ERROR - Error al insertar dato: connection was closed in the middle of operation
2025-03-24 00:25:41,931 - ERROR - Error al insertar dato: connection was closed in the middle of operation
2025-03-24 00:25:46,093 - ERROR - Error al insertar dato: connection was closed in the middle of operation
2025-03-24 00:25:54,286 - ERROR - Error al insertar dato: connection was closed in the middle of operation
2025-03-24 00:25:58,424 - ERROR - Error al insertar dato: connection was closed in the middle of operation
2025-03-24 00:26:02,548 - ERROR - Error al insertar dato: connection was closed in the middle of operation
2025-03-24 00:26:06,656 - ERROR - Error al insertar dato: connection was closed in the middle of operation
2025-03-24 00:26:10,778 - ERROR - Error al insertar dato: connection was closed in the middle of operation
2025-03-24 00:26:18,969 - ERROR - Error al insertar dato: connection was closed in the middle of operation
2025-03-24 00:26:23,117 - ERROR - Error al insertar dato: connection was closed in the middle of operation
2025-03-24 00:26:27,212 - ERROR - Error al insertar dato: connection was closed in the middle of operation
2025-03-24 00:26:31,331 - ERROR - Error al insertar dato: connection was closed in the middle of operation
2025-03-24 00:26:35,480 - INFO - select pg_catalog.version()
2025-03-24 00:26:35,480 - INFO - [raw sql] ()
2025-03-24 00:26:35,484 - INFO - select current_schema()
2025-03-24 00:26:35,484 - INFO - [raw sql] ()
2025-03-24 00:26:35,487 - INFO - show standard_conforming_strings
2025-03-24 00:26:35,487 - INFO - [raw sql] ()
2025-03-24 00:26:35,488 - INFO - BEGIN (implicit)
2025-03-24 00:26:35,490 - INFO - INSERT INTO datos_generadores (id_generador, potencia_kw, velocidad_viento, temperatura_c) VALUES ($1::INTEGER, $2::FLOAT, $3::FLOAT, $4::FLOAT) RETURNING datos_generadores.id
2025-03-24 00:26:35,490 - INFO - [generated in 0.00040s] (1, 2072.94, 20.92, 74.19)
2025-03-24 00:26:35,498 - INFO - ROLLBACK
2025-03-24 00:26:35,499 - ERROR - Error al insertar dato: (sqlalchemy.dialects.postgresql.asyncpg.ProgrammingError) <class 'asyncpg.exceptions.InsufficientPrivilegeError'>: permiso denegado a la tabla datos_generadores
[SQL: INSERT INTO datos_generadores (id_generador, potencia_kw, velocidad_viento, temperatura_c) VALUES ($1::INTEGER, $2::FLOAT, $3::FLOAT, $4::FLOAT) RETURNING datos_generadores.id]
[parameters: (1, 2072.94, 20.92, 74.19)]
(Background on this error at: https://sqlalche.me/e/20/f405)
2025-03-24 00:26:55,032 - INFO - select pg_catalog.version()
2025-03-24 00:26:55,033 - INFO - [raw sql] ()
2025-03-24 00:26:55,036 - INFO - select current_schema()
2025-03-24 00:26:55,036 - INFO - [raw sql] ()
2025-03-24 00:26:55,038 - INFO - show standard_conforming_strings
2025-03-24 00:26:55,038 - INFO - [raw sql] ()
2025-03-24 00:26:55,039 - INFO - BEGIN (implicit)
2025-03-24 00:26:55,041 - INFO - INSERT INTO datos_generadores (id_generador, potencia_kw, velocidad_viento, temperatura_c) VALUES ($1::INTEGER, $2::FLOAT, $3::FLOAT, $4::FLOAT) RETURNING datos_generadores.id
2025-03-24 00:26:55,041 - INFO - [generated in 0.00041s] (1, 1305.11, 8.61, 37.27)
2025-03-24 00:26:55,045 - INFO - ROLLBACK
2025-03-24 00:26:55,046 - ERROR - Error al insertar dato: (sqlalchemy.dialects.postgresql.asyncpg.ProgrammingError) <class 'asyncpg.exceptions.InsufficientPrivilegeError'>: permiso denegado a la tabla datos_generadores
[SQL: INSERT INTO datos_generadores (id_generador, potencia_kw, velocidad_viento, temperatura_c) VALUES ($1::INTEGER, $2::FLOAT, $3::FLOAT, $4::FLOAT) RETURNING datos_generadores.id]
[parameters: (1, 1305.11, 8.61, 37.27)]
(Background on this error at: https://sqlalche.me/e/20/f405)
2025-03-24 00:26:59,086 - INFO - BEGIN (implicit)
2025-03-24 00:26:59,086 - INFO - INSERT INTO datos_generadores (id_generador, potencia_kw, velocidad_viento, temperatura_c) VALUES ($1::INTEGER, $2::FLOAT, $3::FLOAT, $4::FLOAT) RETURNING datos_generadores.id
2025-03-24 00:26:59,087 - INFO - [cached since 4.045s ago] (1, 2432.53, 15.29, 83.3)
2025-03-24 00:26:59,088 - INFO - ROLLBACK
2025-03-24 00:26:59,089 - ERROR - Error al insertar dato: (sqlalchemy.dialects.postgresql.asyncpg.ProgrammingError) <class 'asyncpg.exceptions.InsufficientPrivilegeError'>: permiso denegado a la tabla datos_generadores
[SQL: INSERT INTO datos_generadores (id_generador, potencia_kw, velocidad_viento, temperatura_c) VALUES ($1::INTEGER, $2::FLOAT, $3::FLOAT, $4::FLOAT) RETURNING datos_generadores.id]
[parameters: (1, 2432.53, 15.29, 83.3)]
(Background on this error at: https://sqlalche.me/e/20/f405)
2025-03-24 00:27:03,135 - INFO - BEGIN (implicit)
2025-03-24 00:27:03,135 - INFO - INSERT INTO datos_generadores (id_generador, potencia_kw, velocidad_viento, temperatura_c) VALUES ($1::INTEGER, $2::FLOAT, $3::FLOAT, $4::FLOAT) RETURNING datos_generadores.id
2025-03-24 00:27:03,136 - INFO - [cached since 8.094s ago] (1, 811.69, 13.72, 63.7)
2025-03-24 00:27:03,138 - INFO - ROLLBACK
2025-03-24 00:27:03,139 - ERROR - Error al insertar dato: (sqlalchemy.dialects.postgresql.asyncpg.ProgrammingError) <class 'asyncpg.exceptions.InsufficientPrivilegeError'>: permiso denegado a la tabla datos_generadores
[SQL: INSERT INTO datos_generadores (id_generador, potencia_kw, velocidad_viento, temperatura_c) VALUES ($1::INTEGER, $2::FLOAT, $3::FLOAT, $4::FLOAT) RETURNING datos_generadores.id]
[parameters: (1, 811.69, 13.72, 63.7)]
(Background on this error at: https://sqlalche.me/e/20/f405)
